app/build/outputs/logs/manifest-merger-debug-report.txt
-- Merging decision tree log ---
manifest
ADDED from src\main\AndroidManifest.xml:2:1-67:12
	package
		ADDED from src\main\AndroidManifest.xml:3:7-48
		INJECTED from src\main\AndroidManifest.xml
		INJECTED from src\main\AndroidManifest.xml
	android:versionName
		ADDED from src\main\AndroidManifest.xml:5:7-32
		INJECTED from src\main\AndroidManifest.xml
		INJECTED from src\main\AndroidManifest.xml
	android:versionCode
		ADDED from src\main\AndroidManifest.xml:4:7-30
		INJECTED from src\main\AndroidManifest.xml
		INJECTED from src\main\AndroidManifest.xml
	xmlns:android
		ADDED from src\main\AndroidManifest.xml:2:11-69
uses-sdk
ADDED from src\main\AndroidManifest.xml:6:5-43
	android:targetSdkVersion
		INJECTED from src\main\AndroidManifest.xml
		INJECTED from src\main\AndroidManifest.xml
	android:minSdkVersion
		ADDED from src\main\AndroidManifest.xml:6:15-40
		INJECTED from src\main\AndroidManifest.xml
		INJECTED from src\main\AndroidManifest.xml
uses-permission#android.permission.INTERNET
ADDED from src\main\AndroidManifest.xml:7:5-67
	android:name
		ADDED from src\main\AndroidManifest.xml:7:22-64
application
ADDED from src\main\AndroidManifest.xml:9:5-66:19
	android:label
		ADDED from src\main\AndroidManifest.xml:9:48-80
	android:icon
		ADDED from src\main\AndroidManifest.xml:9:18-47
activity#com.coreservlets.multithreading.MultithreadingInitialActivity
ADDED from src\main\AndroidManifest.xml:10:9-16:20
	android:label
		ADDED from src\main\AndroidManifest.xml:11:19-51
	android:name
		ADDED from src\main\AndroidManifest.xml:10:19-64
intent-filter#android.intent.action.MAIN+android.intent.category.LAUNCHER
ADDED from src\main\AndroidManifest.xml:12:13-15:29
action#android.intent.action.MAIN
ADDED from src\main\AndroidManifest.xml:13:17-69
	android:name
		ADDED from src\main\AndroidManifest.xml:13:25-66
category#android.intent.category.LAUNCHER
ADDED from src\main\AndroidManifest.xml:14:17-77
	android:name
		ADDED from src\main\AndroidManifest.xml:14:27-74
activity#com.coreservlets.multithreading.ThreadingBasicsActivity
ADDED from src\main\AndroidManifest.xml:17:9-23:20
	android:label
		ADDED from src\main\AndroidManifest.xml:18:19-51
	android:name
		ADDED from src\main\AndroidManifest.xml:17:19-58
intent-filter#android.intent.action.VIEW+android.intent.category.DEFAULT
ADDED from src\main\AndroidManifest.xml:19:13-22:29
action#android.intent.action.VIEW
ADDED from src\main\AndroidManifest.xml:20:17-69
	android:name
		ADDED from src\main\AndroidManifest.xml:20:25-66
category#android.intent.category.DEFAULT
ADDED from src\main\AndroidManifest.xml:21:17-76
	android:name
		ADDED from src\main\AndroidManifest.xml:21:27-73
activity#com.coreservlets.multithreading.RaceConditionsActivity
ADDED from src\main\AndroidManifest.xml:24:9-30:20
	android:label
		ADDED from src\main\AndroidManifest.xml:25:19-51
	android:name
		ADDED from src\main\AndroidManifest.xml:24:19-57
activity#com.coreservlets.multithreading.ThreadSafeActivity
ADDED from src\main\AndroidManifest.xml:31:9-37:20
	android:label
		ADDED from src\main\AndroidManifest.xml:32:19-51
	android:name
		ADDED from src\main\AndroidManifest.xml:31:19-53
activity#com.coreservlets.multithreading.UrlCheckerActivity
ADDED from src\main\AndroidManifest.xml:38:9-44:20
	android:label
		ADDED from src\main\AndroidManifest.xml:39:19-51
	android:name
		ADDED from src\main\AndroidManifest.xml:38:19-53
activity#com.coreservlets.multithreading.SimpleImageDownloaderActivity
ADDED from src\main\AndroidManifest.xml:45:9-51:20
	android:label
		ADDED from src\main\AndroidManifest.xml:46:19-51
	android:name
		ADDED from src\main\AndroidManifest.xml:45:19-64
activity#com.coreservlets.multithreading.ImageDownloader1Activity
ADDED from src\main\AndroidManifest.xml:52:9-58:20
	android:label
		ADDED from src\main\AndroidManifest.xml:53:19-51
	android:name
		ADDED from src\main\AndroidManifest.xml:52:19-59
activity#com.coreservlets.multithreading.ImageDownloader2Activity
ADDED from src\main\AndroidManifest.xml:59:9-65:20
	android:label
		ADDED from src\main\AndroidManifest.xml:60:19-51
	android:name
		ADDED from src\main\AndroidManifest.xml:59:19-59